<?xml version="1.0" encoding="UTF-8"?>
<!-- Generated by org.testng.reporters.JUnitReportReporter -->
<testsuite hostname="Reka" failures="0" tests="1" name="interview.Utils" time="1.712" errors="0" timestamp="2024-08-02T16:22:40 CDT" skipped="0">
  <testcase classname="interview.Utils" name="testPostUsingJsonFile" time="1.712"/>
</testsuite> <!-- interview.Utils -->
