<?xml version="1.0" encoding="UTF-8"?>
<!-- Generated by org.testng.reporters.JUnitReportReporter -->
<testsuite hostname="Reka" failures="0" tests="5" name="poijiAndExcel.PoijiExcelTest" time="4.188" errors="0" timestamp="2024-08-01T15:21:38 CDT" skipped="0">
  <testcase classname="poijiAndExcel.PoijiExcelTest" name="pojiExcelReadTest" time="0.359"/>
  <testcase classname="poijiAndExcel.PoijiExcelTest" name="pojiExcelReadTest" time="0.641"/>
  <testcase classname="poijiAndExcel.PoijiExcelTest" name="pojiExcelReadTest" time="0.407"/>
  <testcase classname="poijiAndExcel.PoijiExcelTest" name="pojiExcelReadTest" time="1.947"/>
  <testcase classname="poijiAndExcel.PoijiExcelTest" name="pojiExcelReadTest" time="0.834"/>
</testsuite> <!-- poijiAndExcel.PoijiExcelTest -->
