<?xml version="1.0" encoding="UTF-8"?>
<!-- Generated by org.testng.reporters.JUnitReportReporter -->
<testsuite hostname="Reka" failures="0" tests="5" name="poijiExcel.PoijiExcelTest" time="4.367" errors="0" timestamp="2024-08-01T18:25:20 CDT" skipped="0">
  <testcase classname="poijiExcel.PoijiExcelTest" name="pojiExcelReadTest" time="0.393"/>
  <testcase classname="poijiExcel.PoijiExcelTest" name="pojiExcelReadTest" time="0.388"/>
  <testcase classname="poijiExcel.PoijiExcelTest" name="pojiExcelReadTest" time="2.814"/>
  <testcase classname="poijiExcel.PoijiExcelTest" name="pojiExcelReadTest" time="0.405"/>
  <testcase classname="poijiExcel.PoijiExcelTest" name="pojiExcelReadTest" time="0.367"/>
</testsuite> <!-- poijiExcel.PoijiExcelTest -->
