<?xml version="1.0" encoding="UTF-8"?>
<!-- Generated by org.testng.reporters.JUnitReportReporter -->
<testsuite hostname="Reka" failures="0" tests="5" name="scenariosExcel.TestScenarios" time="3.810" errors="0" timestamp="2024-08-01T15:58:39 CDT" skipped="0">
  <testcase classname="scenariosExcel.TestScenarios" name="createReqResPojoAndVerify" time="0.399"/>
  <testcase classname="scenariosExcel.TestScenarios" name="createReqResPojoAndVerify" time="0.388"/>
  <testcase classname="scenariosExcel.TestScenarios" name="createReqResPojoAndVerify" time="0.373"/>
  <testcase classname="scenariosExcel.TestScenarios" name="createReqResPojoAndVerify" time="2.223"/>
  <testcase classname="scenariosExcel.TestScenarios" name="createReqResPojoAndVerify" time="0.427"/>
</testsuite> <!-- scenariosExcel.TestScenarios -->
