<?xml version="1.0" encoding="UTF-8"?>
<!-- Generated by org.testng.reporters.JUnitReportReporter -->
<testsuite hostname="Reka" failures="0" tests="1" name="testCase.ReqRes_Test" time="2.540" errors="0" timestamp="2024-08-01T18:28:31 CDT" skipped="0">
  <testcase classname="testCase.ReqRes_Test" name="createandverifyResponse" time="2.540"/>
</testsuite> <!-- testCase.ReqRes_Test -->
