<?xml version="1.0" encoding="UTF-8"?>
<!-- Generated by org.testng.reporters.JUnitReportReporter -->
<testsuite hostname="HariDarshana" failures="0" tests="5" name="poijiAndExcel.ReqResExcelAndPoijiTest" time="7.230" errors="0" timestamp="2024-05-02T07:40:26 CDT" skipped="0">
  <testcase classname="poijiAndExcel.ReqResExcelAndPoijiTest" name="pojiExcelReadTest" time="0.560"/>
  <testcase classname="poijiAndExcel.ReqResExcelAndPoijiTest" name="pojiExcelReadTest" time="0.436"/>
  <testcase classname="poijiAndExcel.ReqResExcelAndPoijiTest" name="pojiExcelReadTest" time="0.528"/>
  <testcase classname="poijiAndExcel.ReqResExcelAndPoijiTest" name="pojiExcelReadTest" time="0.471"/>
  <testcase classname="poijiAndExcel.ReqResExcelAndPoijiTest" name="pojiExcelReadTest" time="5.235"/>
</testsuite> <!-- poijiAndExcel.ReqResExcelAndPoijiTest -->
