<?xml version="1.0" encoding="UTF-8"?>
<!-- Generated by org.testng.reporters.JUnitReportReporter -->
<testsuite hostname="Reka" failures="0" tests="1" name="testCase.PojoTest" time="2.635" errors="0" timestamp="2024-08-01T15:57:08 CDT" skipped="0">
  <testcase classname="testCase.PojoTest" name="postData" time="2.635"/>
</testsuite> <!-- testCase.PojoTest -->
